<?xml version="1.0" encoding="UTF-8"?>
<!-- Generated by org.testng.reporters.JUnitReportReporter -->
<testsuite hostname="TP5VDIDEVTCM623" name="testcase.CHG003ApproveChangeRequest" tests="1" failures="0" timestamp="23 Jul 2018 10:40:50 GMT" time="174.852" errors="0">
  <testcase name="testChangeTicketApproval" time="174.852" classname="testcase.CHG003ApproveChangeRequest"/>
</testsuite> <!-- testcase.CHG003ApproveChangeRequest -->
