<?xml version="1.0" encoding="UTF-8"?>
<!-- Generated by org.testng.reporters.JUnitReportReporter -->
<testsuite hostname="TP6VDIDEVTCM068" name="testcase.FinalIncident" tests="3" failures="0" timestamp="30 May 2019 11:56:06 GMT" time="125.882" errors="0">
  <testcase name="testCreateStandAloneIncidentTicket" time="37.135" classname="testcase.FinalIncident"/>
  <testcase name="testverifymandatoryfieldWIP" time="45.638" classname="testcase.FinalIncident"/>
  <testcase name="testCreateManagedIncidentTicket" time="43.109" classname="testcase.FinalIncident"/>
</testsuite> <!-- testcase.FinalIncident -->
