<?xml version="1.0" encoding="UTF-8"?>
<!-- Generated by org.testng.reporters.JUnitReportReporter -->
<testsuite hostname="TP5VDIDEVTCM623" name="testcase.CHG004CancelChangeRequest" tests="1" failures="0" timestamp="18 Jul 2018 05:45:01 GMT" time="158.175" errors="0">
  <testcase name="testChangeTicketCancellation" time="158.175" classname="testcase.CHG004CancelChangeRequest"/>
</testsuite> <!-- testcase.CHG004CancelChangeRequest -->
