<?xml version="1.0" encoding="UTF-8"?>
<!-- Generated by org.testng.reporters.JUnitReportReporter -->
<testsuite hostname="TP5VDIDEVTCM623" name="testcase.loginTest" tests="1" failures="0" timestamp="4 Jun 2018 10:46:23 GMT" time="12.963" errors="0">
  <testcase name="TestValidSignIn" time="12.963" classname="testcase.loginTest"/>
</testsuite> <!-- testcase.loginTest -->
