<?xml version="1.0" encoding="UTF-8"?>
<!-- Generated by org.testng.reporters.JUnitReportReporter -->
<testsuite hostname="TP5VDIDEVTCM623" name="testcase.CHG005" tests="1" failures="0" timestamp="10 Jul 2018 13:55:25 GMT" time="178.000" errors="0">
  <testcase name="testMovingtoMultiplePhases" time="178.000" classname="testcase.CHG005"/>
</testsuite> <!-- testcase.CHG005 -->
