<?xml version="1.0" encoding="UTF-8"?>
<!-- Generated by org.testng.reporters.JUnitReportReporter -->
<testsuite hostname="TP5VDIDEVTCM623" name="testcase.ChangeReport" tests="1" failures="0" timestamp="12 Feb 2019 10:04:09 GMT" time="225.230" errors="0">
  <testcase name="testMovingtoMultiplePhases" time="225.230" classname="testcase.ChangeReport"/>
</testsuite> <!-- testcase.ChangeReport -->
