<?xml version="1.0" encoding="UTF-8"?>
<!-- Generated by org.testng.reporters.JUnitReportReporter -->
<testsuite hostname="TP5VDIDEVTCM623" name="testcase.problemManagement" tests="1" failures="0" timestamp="13 Feb 2019 10:41:42 GMT" time="62.910" errors="0">
  <testcase name="testCreateProblemTicket" time="62.910" classname="testcase.problemManagement"/>
</testsuite> <!-- testcase.problemManagement -->
