<?xml version="1.0" encoding="UTF-8"?>
<!-- Generated by org.testng.reporters.JUnitReportReporter -->
<testsuite hostname="TP5VDIDEVTCM623" name="testcase.CHG001" tests="1" failures="0" timestamp="8 Jul 2018 10:36:02 GMT" time="82.743" errors="0">
  <testcase name="testChangeTicketUpdation" time="82.743" classname="testcase.CHG001"/>
</testsuite> <!-- testcase.CHG001 -->
