<?xml version="1.0" encoding="UTF-8"?>
<!-- Generated by org.testng.reporters.JUnitReportReporter -->
<testsuite hostname="TP5VDIDEVTCM623" name="testcase.CHG004" tests="1" failures="0" timestamp="8 Jul 2018 10:43:46 GMT" time="151.159" errors="0">
  <testcase name="testChangeTicketApproval" time="151.159" classname="testcase.CHG004"/>
</testsuite> <!-- testcase.CHG004 -->
