<?xml version="1.0" encoding="UTF-8"?>
<!-- Generated by org.testng.reporters.JUnitReportReporter -->
<testsuite hostname="TP5VDIDEVTCM623" name="testcase.CHG002" tests="1" failures="0" timestamp="8 Jul 2018 10:39:13 GMT" time="152.787" errors="0">
  <testcase name="testChangeTicketApproval" time="152.787" classname="testcase.CHG002"/>
</testsuite> <!-- testcase.CHG002 -->
