<?xml version="1.0" encoding="UTF-8"?>
<!-- Generated by org.testng.reporters.JUnitReportReporter -->
<testsuite hostname="TP5VDIDEVTCM623" name="testcase.CHG006CreateTask" tests="1" failures="0" timestamp="10 Jul 2018 11:39:17 GMT" time="177.427" errors="0">
  <testcase name="testChangeCreateTask" time="177.427" classname="testcase.CHG006CreateTask"/>
</testsuite> <!-- testcase.CHG006CreateTask -->
