<?xml version="1.0" encoding="UTF-8"?>
<!-- Generated by org.testng.reporters.JUnitReportReporter -->
<testsuite hostname="TP5VDIDEVTCM623" name="testcase.CHG005RejectChangeRequest" tests="1" failures="0" timestamp="11 Jul 2018 10:53:01 GMT" time="157.648" errors="0">
  <testcase name="testChangeTicketApproval" time="157.648" classname="testcase.CHG005RejectChangeRequest"/>
</testsuite> <!-- testcase.CHG005RejectChangeRequest -->
