<?xml version="1.0" encoding="UTF-8"?>
<!-- Generated by org.testng.reporters.JUnitReportReporter -->
<testsuite hostname="TP6VDIDEVTCM068" name="testcase.IncidentReport" tests="1" failures="0" timestamp="12 Jun 2019 07:08:31 GMT" time="45.345" errors="0">
  <testcase name="testCreateStandAloneIncidentTicket" time="45.345" classname="testcase.IncidentReport"/>
</testsuite> <!-- testcase.IncidentReport -->
