<?xml version="1.0" encoding="UTF-8"?>
<!-- Generated by org.testng.reporters.JUnitReportReporter -->
<testsuite hostname="TP5VDIDEVTCM623" name="testcase.CHG002UpdateChangeRequest" tests="1" failures="0" timestamp="11 Jul 2018 10:45:59 GMT" time="87.632" errors="0">
  <testcase name="testChangeTicketUpdation" time="87.632" classname="testcase.CHG002UpdateChangeRequest"/>
</testsuite> <!-- testcase.CHG002UpdateChangeRequest -->
