<?xml version="1.0" encoding="UTF-8"?>
<!-- Generated by org.testng.reporters.JUnitReportReporter -->
<testsuite hostname="TP5VDIDEVTCM623" name="testcase.CHG007CreateTask" tests="1" failures="0" timestamp="13 Jul 2018 10:42:54 GMT" time="184.230" errors="0">
  <testcase name="testChangeCreateTask" time="184.230" classname="testcase.CHG007CreateTask"/>
</testsuite> <!-- testcase.CHG007CreateTask -->
