<?xml version="1.0" encoding="UTF-8"?>
<!-- Generated by org.testng.reporters.JUnitReportReporter -->
<testsuite hostname="TP5VDIDEVTCM623" name="testcase.ChangePractice" tests="1" failures="0" timestamp="23 Jul 2018 07:32:28 GMT" time="67.915" errors="0">
  <testcase name="testCreateChangeRequest" time="67.915" classname="testcase.ChangePractice"/>
</testsuite> <!-- testcase.ChangePractice -->
