<?xml version="1.0" encoding="UTF-8"?>
<!-- Generated by org.testng.reporters.JUnitReportReporter -->
<testsuite hostname="TP6VDIDEVTCM068" name="testcase.IntakeManagement" tests="1" failures="0" timestamp="8 Mar 2019 10:54:07 GMT" time="52.549" errors="0">
  <testcase name="testCreateintaketicket" time="52.549" classname="testcase.IntakeManagement"/>
</testsuite> <!-- testcase.IntakeManagement -->
