<?xml version="1.0" encoding="UTF-8"?>
<!-- Generated by org.testng.reporters.JUnitReportReporter -->
<testsuite hostname="TP6VDIDEVTCM068" name="testcase.incidentManagement" tests="1" failures="0" timestamp="3 Jun 2019 06:43:45 GMT" time="118.902" errors="0">
  <testcase name="testcreateincidenttask" time="118.902" classname="testcase.incidentManagement"/>
</testsuite> <!-- testcase.incidentManagement -->
