<?xml version="1.0" encoding="UTF-8"?>
<!-- Generated by org.testng.reporters.JUnitReportReporter -->
<testsuite hostname="TP5VDIDEVTCM623" name="testcase.CHG003" tests="1" failures="0" timestamp="8 Jul 2018 10:40:42 GMT" time="75.872" errors="0">
  <testcase name="testChangeTicketCancellation" time="75.872" classname="testcase.CHG003"/>
</testsuite> <!-- testcase.CHG003 -->
