<?xml version="1.0" encoding="UTF-8"?>
<!-- Generated by org.testng.reporters.JUnitReportReporter -->
<testsuite hostname="TP5VDIDEVTCM623" name="testcase.CHG006MultiplePhaseChangeRequest" tests="1" failures="0" timestamp="13 Jul 2018 10:58:09 GMT" time="190.738" errors="0">
  <testcase name="testMovingtoMultiplePhases" time="190.738" classname="testcase.CHG006MultiplePhaseChangeRequest"/>
</testsuite> <!-- testcase.CHG006MultiplePhaseChangeRequest -->
